2023-06-23 00:27:27.376  INFO 25888 --- [Thread-4] o.s.s.concurrent.ThreadPoolTaskExecutor  : Shutting down ExecutorService 'applicationTaskExecutor'
2023-06-23 00:27:27.393  INFO 25888 --- [Thread-4] j.LocalContainerEntityManagerFactoryBean : Closing JPA EntityManagerFactory for persistence unit 'default'
2023-06-23 00:27:27.407  INFO 25888 --- [Thread-4] com.zaxxer.hikari.HikariDataSource       : HikariPool-1 - Shutdown initiated...
2023-06-23 00:27:27.421  INFO 25888 --- [Thread-4] com.zaxxer.hikari.HikariDataSource       : HikariPool-1 - Shutdown completed.
2023-06-23 00:29:13.215  INFO 14100 --- [main] com.microservice.party.PartyApplication  : Starting PartyApplication on Funnygorilla with PID 14100 (C:\Dev\Projects\outbox-pattern\party-microservice\target\classes started by guson in C:\Dev\Projects\outbox-pattern\party-microservice)
2023-06-23 00:29:13.226  INFO 14100 --- [main] com.microservice.party.PartyApplication  : No active profile set, falling back to default profiles: default
2023-06-23 00:29:14.924  INFO 14100 --- [main] .s.d.r.c.RepositoryConfigurationDelegate : Bootstrapping Spring Data repositories in DEFAULT mode.
2023-06-23 00:29:15.133  INFO 14100 --- [main] .s.d.r.c.RepositoryConfigurationDelegate : Finished Spring Data repository scanning in 167ms. Found 2 repository interfaces.
2023-06-23 00:29:16.172  INFO 14100 --- [main] trationDelegate$BeanPostProcessorChecker : Bean 'org.springframework.transaction.annotation.ProxyTransactionManagementConfiguration' of type [org.springframework.transaction.annotation.ProxyTransactionManagementConfiguration$$EnhancerBySpringCGLIB$$e810a825] is not eligible for getting processed by all BeanPostProcessors (for example: not eligible for auto-proxying)
2023-06-23 00:29:17.955  INFO 14100 --- [main] o.s.b.w.embedded.tomcat.TomcatWebServer  : Tomcat initialized with port(s): 8080 (http)
2023-06-23 00:29:18.030  INFO 14100 --- [main] o.apache.catalina.core.StandardService   : Starting service [Tomcat]
2023-06-23 00:29:18.040  INFO 14100 --- [main] org.apache.catalina.core.StandardEngine  : Starting Servlet engine: [Apache Tomcat/9.0.17]
2023-06-23 00:29:18.284  INFO 14100 --- [main] o.a.c.c.C.[Tomcat].[localhost].[/]       : Initializing Spring embedded WebApplicationContext
2023-06-23 00:29:18.285  INFO 14100 --- [main] o.s.web.context.ContextLoader            : Root WebApplicationContext: initialization completed in 4965 ms
2023-06-23 00:29:19.244  INFO 14100 --- [main] com.zaxxer.hikari.HikariDataSource       : HikariPool-1 - Starting...
2023-06-23 00:29:19.443  INFO 14100 --- [main] com.zaxxer.hikari.HikariDataSource       : HikariPool-1 - Start completed.
2023-06-23 00:29:19.586  INFO 14100 --- [main] o.hibernate.jpa.internal.util.LogHelper  : HHH000204: Processing PersistenceUnitInfo [
	name: default
	...]
2023-06-23 00:29:19.742  INFO 14100 --- [main] org.hibernate.Version                    : HHH000412: Hibernate Core {5.3.9.Final}
2023-06-23 00:29:19.752  INFO 14100 --- [main] org.hibernate.cfg.Environment            : HHH000206: hibernate.properties not found
2023-06-23 00:29:20.055  INFO 14100 --- [main] o.hibernate.annotations.common.Version   : HCANN000001: Hibernate Commons Annotations {5.0.4.Final}
2023-06-23 00:29:20.304  INFO 14100 --- [main] org.hibernate.dialect.Dialect            : HHH000400: Using dialect: org.hibernate.dialect.PostgreSQLDialect
2023-06-23 00:29:20.840  INFO 14100 --- [main] o.h.e.j.e.i.LobCreatorBuilderImpl        : HHH000421: Disabling contextual LOB creation as hibernate.jdbc.lob.non_contextual_creation is true
2023-06-23 00:29:20.850  INFO 14100 --- [main] org.hibernate.type.BasicTypeRegistry     : HHH000270: Type registration [java.util.UUID] overrides previous : org.hibernate.type.UUIDBinaryType@60b9c24e
2023-06-23 00:29:21.665  WARN 14100 --- [main] o.h.engine.jdbc.spi.SqlExceptionHelper   : SQL Warning Code: 0, SQLState: 00000
2023-06-23 00:29:21.665  WARN 14100 --- [main] o.h.engine.jdbc.spi.SqlExceptionHelper   : table "outbox" does not exist, skipping
2023-06-23 00:29:21.668  WARN 14100 --- [main] o.h.engine.jdbc.spi.SqlExceptionHelper   : SQL Warning Code: 0, SQLState: 00000
2023-06-23 00:29:21.669  WARN 14100 --- [main] o.h.engine.jdbc.spi.SqlExceptionHelper   : table "party" does not exist, skipping
2023-06-23 00:29:21.704  INFO 14100 --- [main] o.h.t.schema.internal.SchemaCreatorImpl  : HHH000476: Executing import script 'org.hibernate.tool.schema.internal.exec.ScriptSourceInputNonExistentImpl@1d19dc92'
2023-06-23 00:29:21.708  INFO 14100 --- [main] j.LocalContainerEntityManagerFactoryBean : Initialized JPA EntityManagerFactory for persistence unit 'default'
2023-06-23 00:29:22.717  INFO 14100 --- [main] o.s.s.concurrent.ThreadPoolTaskExecutor  : Initializing ExecutorService 'applicationTaskExecutor'
2023-06-23 00:29:22.829  WARN 14100 --- [main] aWebConfiguration$JpaWebMvcConfiguration : spring.jpa.open-in-view is enabled by default. Therefore, database queries may be performed during view rendering. Explicitly configure spring.jpa.open-in-view to disable this warning
2023-06-23 00:29:23.494  INFO 14100 --- [main] o.s.b.a.e.web.EndpointLinksResolver      : Exposing 2 endpoint(s) beneath base path '/actuator'
2023-06-23 00:29:23.672  INFO 14100 --- [main] o.s.b.w.embedded.tomcat.TomcatWebServer  : Tomcat started on port(s): 8080 (http) with context path ''
2023-06-23 00:29:23.677  INFO 14100 --- [main] com.microservice.party.PartyApplication  : Started PartyApplication in 11.317 seconds (JVM running for 16.644)
2023-06-23 00:49:54.451  INFO 14100 --- [Thread-4] o.s.s.concurrent.ThreadPoolTaskExecutor  : Shutting down ExecutorService 'applicationTaskExecutor'
2023-06-23 00:49:54.454  INFO 14100 --- [Thread-4] j.LocalContainerEntityManagerFactoryBean : Closing JPA EntityManagerFactory for persistence unit 'default'
2023-06-23 00:49:54.457  INFO 14100 --- [Thread-4] com.zaxxer.hikari.HikariDataSource       : HikariPool-1 - Shutdown initiated...
2023-06-23 00:49:54.465  INFO 14100 --- [Thread-4] com.zaxxer.hikari.HikariDataSource       : HikariPool-1 - Shutdown completed.
2023-06-23 00:50:26.830  INFO 25292 --- [main] com.microservice.party.PartyApplication  : Starting PartyApplication on Funnygorilla with PID 25292 (C:\Dev\Projects\outbox-pattern\party-microservice\target\classes started by guson in C:\Dev\Projects\outbox-pattern\party-microservice)
2023-06-23 00:50:26.836  INFO 25292 --- [main] com.microservice.party.PartyApplication  : No active profile set, falling back to default profiles: default
2023-06-23 00:50:28.787  INFO 25292 --- [main] .s.d.r.c.RepositoryConfigurationDelegate : Bootstrapping Spring Data repositories in DEFAULT mode.
2023-06-23 00:50:28.934  INFO 25292 --- [main] .s.d.r.c.RepositoryConfigurationDelegate : Finished Spring Data repository scanning in 136ms. Found 2 repository interfaces.
2023-06-23 00:50:29.854  INFO 25292 --- [main] trationDelegate$BeanPostProcessorChecker : Bean 'org.springframework.transaction.annotation.ProxyTransactionManagementConfiguration' of type [org.springframework.transaction.annotation.ProxyTransactionManagementConfiguration$$EnhancerBySpringCGLIB$$61225930] is not eligible for getting processed by all BeanPostProcessors (for example: not eligible for auto-proxying)
2023-06-23 00:50:31.468  INFO 25292 --- [main] o.s.b.w.embedded.tomcat.TomcatWebServer  : Tomcat initialized with port(s): 8080 (http)
2023-06-23 00:50:31.530  INFO 25292 --- [main] o.apache.catalina.core.StandardService   : Starting service [Tomcat]
2023-06-23 00:50:31.531  INFO 25292 --- [main] org.apache.catalina.core.StandardEngine  : Starting Servlet engine: [Apache Tomcat/9.0.17]
2023-06-23 00:50:31.712  INFO 25292 --- [main] o.a.c.c.C.[Tomcat].[localhost].[/]       : Initializing Spring embedded WebApplicationContext
2023-06-23 00:50:31.712  INFO 25292 --- [main] o.s.web.context.ContextLoader            : Root WebApplicationContext: initialization completed in 4782 ms
2023-06-23 00:50:32.661  INFO 25292 --- [main] com.zaxxer.hikari.HikariDataSource       : HikariPool-1 - Starting...
2023-06-23 00:50:32.842  INFO 25292 --- [main] com.zaxxer.hikari.HikariDataSource       : HikariPool-1 - Start completed.
2023-06-23 00:50:32.980  INFO 25292 --- [main] o.hibernate.jpa.internal.util.LogHelper  : HHH000204: Processing PersistenceUnitInfo [
	name: default
	...]
2023-06-23 00:50:33.140  INFO 25292 --- [main] org.hibernate.Version                    : HHH000412: Hibernate Core {5.3.9.Final}
2023-06-23 00:50:33.140  INFO 25292 --- [main] org.hibernate.cfg.Environment            : HHH000206: hibernate.properties not found
2023-06-23 00:50:33.444  INFO 25292 --- [main] o.hibernate.annotations.common.Version   : HCANN000001: Hibernate Commons Annotations {5.0.4.Final}
2023-06-23 00:50:33.677  INFO 25292 --- [main] org.hibernate.dialect.Dialect            : HHH000400: Using dialect: org.hibernate.dialect.PostgreSQLDialect
2023-06-23 00:50:34.154  INFO 25292 --- [main] o.h.e.j.e.i.LobCreatorBuilderImpl        : HHH000421: Disabling contextual LOB creation as hibernate.jdbc.lob.non_contextual_creation is true
2023-06-23 00:50:34.161  INFO 25292 --- [main] org.hibernate.type.BasicTypeRegistry     : HHH000270: Type registration [java.util.UUID] overrides previous : org.hibernate.type.UUIDBinaryType@4dca9915
2023-06-23 00:50:35.068  INFO 25292 --- [main] o.h.t.schema.internal.SchemaCreatorImpl  : HHH000476: Executing import script 'org.hibernate.tool.schema.internal.exec.ScriptSourceInputNonExistentImpl@334100f0'
2023-06-23 00:50:35.073  INFO 25292 --- [main] j.LocalContainerEntityManagerFactoryBean : Initialized JPA EntityManagerFactory for persistence unit 'default'
2023-06-23 00:50:35.981  INFO 25292 --- [main] o.s.s.concurrent.ThreadPoolTaskExecutor  : Initializing ExecutorService 'applicationTaskExecutor'
2023-06-23 00:50:36.108  WARN 25292 --- [main] aWebConfiguration$JpaWebMvcConfiguration : spring.jpa.open-in-view is enabled by default. Therefore, database queries may be performed during view rendering. Explicitly configure spring.jpa.open-in-view to disable this warning
2023-06-23 00:50:36.667  INFO 25292 --- [main] o.s.b.a.e.web.EndpointLinksResolver      : Exposing 2 endpoint(s) beneath base path '/actuator'
2023-06-23 00:50:36.803  INFO 25292 --- [main] o.s.b.w.embedded.tomcat.TomcatWebServer  : Tomcat started on port(s): 8080 (http) with context path ''
2023-06-23 00:50:36.810  INFO 25292 --- [main] com.microservice.party.PartyApplication  : Started PartyApplication in 10.846 seconds (JVM running for 15.445)
2023-06-23 00:51:00.553  INFO 25292 --- [http-nio-8080-exec-1] o.a.c.c.C.[Tomcat].[localhost].[/]       : Initializing Spring DispatcherServlet 'dispatcherServlet'
2023-06-23 00:51:00.554  INFO 25292 --- [http-nio-8080-exec-1] o.s.web.servlet.DispatcherServlet        : Initializing Servlet 'dispatcherServlet'
2023-06-23 00:51:00.564  INFO 25292 --- [http-nio-8080-exec-1] o.s.web.servlet.DispatcherServlet        : Completed initialization in 10 ms
2023-06-23 00:51:00.760  WARN 25292 --- [http-nio-8080-exec-1] .w.s.m.s.DefaultHandlerExceptionResolver : Resolved [org.springframework.http.converter.HttpMessageNotReadableException: JSON parse error: Unexpected character (''' (code 39)): expected a valid value (number, String, array, object, 'true', 'false' or 'null'); nested exception is com.fasterxml.jackson.core.JsonParseException: Unexpected character (''' (code 39)): expected a valid value (number, String, array, object, 'true', 'false' or 'null')
 at [Source: (PushbackInputStream); line: 1, column: 2]]
2023-06-23 00:51:28.402  INFO 25292 --- [http-nio-8080-exec-2] c.m.party.service.impl.PartyServiceImpl  : Enroll party details for PartyId: Megan Clark
2023-06-23 00:51:28.502  INFO 25292 --- [http-nio-8080-exec-2] c.m.party.outbox.EventService            : Handling event : OutBoxEntity(uuid=3ab5794a-7a70-40af-a00c-6dc1be825a46, aggregateId=4, eventType=PARTY_ENROLLED, payload={"partyId":4,"name":"Megan Clark","email":"mclark@gmail.com","address":"Toronto, ON"}, createdOn=Fri Jun 23 00:51:28 AEST 2023).
2023-06-23 00:51:48.804  WARN 25292 --- [http-nio-8080-exec-4] .w.s.m.s.DefaultHandlerExceptionResolver : Resolved [org.springframework.web.HttpRequestMethodNotSupportedException: Request method 'PUT' not supported]
2023-06-23 00:53:11.939  INFO 25292 --- [http-nio-8080-exec-6] c.m.party.service.impl.PartyServiceImpl  : Update Email to 'jsmith@gmail.com' for PartyId: 1
2023-06-23 00:53:11.974  INFO 25292 --- [http-nio-8080-exec-6] c.m.party.outbox.EventService            : Handling event : OutBoxEntity(uuid=813c1c16-3f7e-421b-8aab-f931a266a746, aggregateId=1, eventType=PARTY_EMAIL_CHANGED, payload={"studentId":1,"email":"jsmith@gmail.com"}, createdOn=Fri Jun 23 00:53:11 AEST 2023).
2023-06-23 00:54:15.904  INFO 25292 --- [Thread-4] o.s.s.concurrent.ThreadPoolTaskExecutor  : Shutting down ExecutorService 'applicationTaskExecutor'
2023-06-23 00:54:15.906  INFO 25292 --- [Thread-4] j.LocalContainerEntityManagerFactoryBean : Closing JPA EntityManagerFactory for persistence unit 'default'
2023-06-23 00:54:15.908  INFO 25292 --- [Thread-4] com.zaxxer.hikari.HikariDataSource       : HikariPool-1 - Shutdown initiated...
2023-06-23 00:54:15.922  INFO 25292 --- [Thread-4] com.zaxxer.hikari.HikariDataSource       : HikariPool-1 - Shutdown completed.
2023-06-23 00:54:39.280  INFO 27116 --- [main] com.microservice.party.PartyApplication  : Starting PartyApplication on Funnygorilla with PID 27116 (C:\Dev\Projects\outbox-pattern\party-microservice\target\classes started by guson in C:\Dev\Projects\outbox-pattern\party-microservice)
2023-06-23 00:54:39.290  INFO 27116 --- [main] com.microservice.party.PartyApplication  : No active profile set, falling back to default profiles: default
2023-06-23 00:54:41.133  INFO 27116 --- [main] .s.d.r.c.RepositoryConfigurationDelegate : Bootstrapping Spring Data repositories in DEFAULT mode.
2023-06-23 00:54:41.266  INFO 27116 --- [main] .s.d.r.c.RepositoryConfigurationDelegate : Finished Spring Data repository scanning in 118ms. Found 2 repository interfaces.
2023-06-23 00:54:42.138  INFO 27116 --- [main] trationDelegate$BeanPostProcessorChecker : Bean 'org.springframework.transaction.annotation.ProxyTransactionManagementConfiguration' of type [org.springframework.transaction.annotation.ProxyTransactionManagementConfiguration$$EnhancerBySpringCGLIB$$3ab8469] is not eligible for getting processed by all BeanPostProcessors (for example: not eligible for auto-proxying)
2023-06-23 00:54:43.683  INFO 27116 --- [main] o.s.b.w.embedded.tomcat.TomcatWebServer  : Tomcat initialized with port(s): 8080 (http)
2023-06-23 00:54:43.737  INFO 27116 --- [main] o.apache.catalina.core.StandardService   : Starting service [Tomcat]
2023-06-23 00:54:43.738  INFO 27116 --- [main] org.apache.catalina.core.StandardEngine  : Starting Servlet engine: [Apache Tomcat/9.0.17]
2023-06-23 00:54:43.910  INFO 27116 --- [main] o.a.c.c.C.[Tomcat].[localhost].[/]       : Initializing Spring embedded WebApplicationContext
2023-06-23 00:54:43.910  INFO 27116 --- [main] o.s.web.context.ContextLoader            : Root WebApplicationContext: initialization completed in 4507 ms
2023-06-23 00:54:44.796  INFO 27116 --- [main] com.zaxxer.hikari.HikariDataSource       : HikariPool-1 - Starting...
2023-06-23 00:54:45.043  INFO 27116 --- [main] com.zaxxer.hikari.HikariDataSource       : HikariPool-1 - Start completed.
2023-06-23 00:54:45.168  INFO 27116 --- [main] o.hibernate.jpa.internal.util.LogHelper  : HHH000204: Processing PersistenceUnitInfo [
	name: default
	...]
2023-06-23 00:54:45.326  INFO 27116 --- [main] org.hibernate.Version                    : HHH000412: Hibernate Core {5.3.9.Final}
2023-06-23 00:54:45.338  INFO 27116 --- [main] org.hibernate.cfg.Environment            : HHH000206: hibernate.properties not found
2023-06-23 00:54:45.651  INFO 27116 --- [main] o.hibernate.annotations.common.Version   : HCANN000001: Hibernate Commons Annotations {5.0.4.Final}
2023-06-23 00:54:45.907  INFO 27116 --- [main] org.hibernate.dialect.Dialect            : HHH000400: Using dialect: org.hibernate.dialect.PostgreSQLDialect
2023-06-23 00:54:46.444  INFO 27116 --- [main] o.h.e.j.e.i.LobCreatorBuilderImpl        : HHH000421: Disabling contextual LOB creation as hibernate.jdbc.lob.non_contextual_creation is true
2023-06-23 00:54:46.453  INFO 27116 --- [main] org.hibernate.type.BasicTypeRegistry     : HHH000270: Type registration [java.util.UUID] overrides previous : org.hibernate.type.UUIDBinaryType@165ca318
2023-06-23 00:54:47.494  INFO 27116 --- [main] o.h.t.schema.internal.SchemaCreatorImpl  : HHH000476: Executing import script 'org.hibernate.tool.schema.internal.exec.ScriptSourceInputNonExistentImpl@262953ac'
2023-06-23 00:54:47.497  INFO 27116 --- [main] j.LocalContainerEntityManagerFactoryBean : Initialized JPA EntityManagerFactory for persistence unit 'default'
2023-06-23 00:54:48.640  INFO 27116 --- [main] o.s.s.concurrent.ThreadPoolTaskExecutor  : Initializing ExecutorService 'applicationTaskExecutor'
2023-06-23 00:54:48.805  WARN 27116 --- [main] aWebConfiguration$JpaWebMvcConfiguration : spring.jpa.open-in-view is enabled by default. Therefore, database queries may be performed during view rendering. Explicitly configure spring.jpa.open-in-view to disable this warning
2023-06-23 00:54:49.341  INFO 27116 --- [main] o.s.b.a.e.web.EndpointLinksResolver      : Exposing 2 endpoint(s) beneath base path '/actuator'
2023-06-23 00:54:49.514  INFO 27116 --- [main] o.s.b.w.embedded.tomcat.TomcatWebServer  : Tomcat started on port(s): 8080 (http) with context path ''
2023-06-23 00:54:49.529  INFO 27116 --- [main] com.microservice.party.PartyApplication  : Started PartyApplication in 11.075 seconds (JVM running for 16.195)
2023-06-23 00:55:01.479  INFO 27116 --- [http-nio-8080-exec-1] o.a.c.c.C.[Tomcat].[localhost].[/]       : Initializing Spring DispatcherServlet 'dispatcherServlet'
2023-06-23 00:55:01.479  INFO 27116 --- [http-nio-8080-exec-1] o.s.web.servlet.DispatcherServlet        : Initializing Servlet 'dispatcherServlet'
2023-06-23 00:55:01.485  INFO 27116 --- [http-nio-8080-exec-1] o.s.web.servlet.DispatcherServlet        : Completed initialization in 3 ms
2023-06-23 00:55:01.608  WARN 27116 --- [http-nio-8080-exec-1] .w.s.m.s.DefaultHandlerExceptionResolver : Resolved [org.springframework.http.converter.HttpMessageNotReadableException: JSON parse error: Unexpected character (''' (code 39)): expected a valid value (number, String, array, object, 'true', 'false' or 'null'); nested exception is com.fasterxml.jackson.core.JsonParseException: Unexpected character (''' (code 39)): expected a valid value (number, String, array, object, 'true', 'false' or 'null')
 at [Source: (PushbackInputStream); line: 1, column: 2]]
2023-06-23 00:55:38.432  INFO 27116 --- [http-nio-8080-exec-2] c.m.party.service.impl.PartyServiceImpl  : Enroll party details for PartyId: Megan Clark
2023-06-23 00:55:38.520  INFO 27116 --- [http-nio-8080-exec-2] c.m.party.outbox.EventService            : Handling event : OutBoxEntity(uuid=15825f9f-039c-43e7-b6c7-71cdc04de851, aggregateId=4, eventType=PARTY_ENROLLED, payload={"partyId":4,"name":"Megan Clark","email":"mclark@gmail.com","address":"Toronto, ON"}, createdOn=Fri Jun 23 00:55:38 AEST 2023).
2023-06-23 00:55:48.589  INFO 27116 --- [http-nio-8080-exec-4] c.m.party.service.impl.PartyServiceImpl  : Update Email to 'jsmith@gmail.com' for PartyId: 1
2023-06-23 00:55:48.620  INFO 27116 --- [http-nio-8080-exec-4] c.m.party.outbox.EventService            : Handling event : OutBoxEntity(uuid=e59f34ed-a93d-4e92-b10b-69de354cecbb, aggregateId=1, eventType=PARTY_EMAIL_CHANGED, payload={"studentId":1,"email":"jsmith@gmail.com"}, createdOn=Fri Jun 23 00:55:48 AEST 2023).
2023-06-23 01:00:45.176  INFO 27116 --- [Thread-4] o.s.s.concurrent.ThreadPoolTaskExecutor  : Shutting down ExecutorService 'applicationTaskExecutor'
2023-06-23 01:00:45.182  INFO 27116 --- [Thread-4] j.LocalContainerEntityManagerFactoryBean : Closing JPA EntityManagerFactory for persistence unit 'default'
2023-06-23 01:00:45.188  INFO 27116 --- [Thread-4] com.zaxxer.hikari.HikariDataSource       : HikariPool-1 - Shutdown initiated...
2023-06-23 01:00:45.201  INFO 27116 --- [Thread-4] com.zaxxer.hikari.HikariDataSource       : HikariPool-1 - Shutdown completed.
